<?xml version="1.0" encoding="UTF-8"?>
<!-- Generated by org.testng.reporters.JUnitXMLReporter -->
<testsuite hostname="LAPTOP-PATGFM90" ignored="2" tests="3" failures="0" timestamp="04 Feb 2020 03:59:16 GMT" time="0.021" errors="0">
  <testcase name="m3" time="0.003" classname="Testcase"/>
  <testcase name="m2" time="0.001" classname="Testcase"/>
  <testcase name="m1" time="0.001" classname="Testcase"/>
  <testcase name="m4" time="0.0" classname="Testcase">
    <ignored/>
  </testcase> <!-- m4 -->
  <testcase name="m5" time="0.0" classname="Testcase">
    <ignored/>
  </testcase> <!-- m5 -->
</testsuite>
