<?xml version="1.0" encoding="UTF-8"?>
<!-- Generated by org.testng.reporters.JUnitXMLReporter -->
<testsuite hostname="LAPTOP-PATGFM90" ignored="0" tests="1" failures="1" timestamp="04 Feb 2020 04:19:43 GMT" time="14.107" errors="0">
  <testcase name="@AfterMethod tearDown" time="0.001" classname="Testcases">
    <failure type="java.lang.NullPointerException">
      <![CDATA[java.lang.NullPointerException
at Testcases.tearDown(Testcases.java:29)
... Removed 28 stack frames]]>
    </failure>
  </testcase> <!-- @AfterMethod tearDown -->
  <testcase name="titleofPage" time="0.01" classname="Testcases">
    <failure type="java.lang.NullPointerException">
      <![CDATA[java.lang.NullPointerException
at Testcases.titleofPage(Testcases.java:23)
... Removed 25 stack frames]]>
    </failure>
  </testcase> <!-- titleofPage -->
</testsuite>
